TN:
SF:src/components/TestComponent.tsx
FN:1,(anonymous_1)
FNF:1
FNH:1
FNDA:1,(anonymous_1)
DA:1,1
LF:1
LH:1
BRF:0
BRH:0
end_of_record
TN:
SF:src/pages/_app.tsx
FN:4,App
FNF:1
FNH:0
FNDA:0,App
LF:0
LH:0
BRF:0
BRH:0
end_of_record
TN:
SF:src/pages/_document.tsx
FN:3,Document
FNF:1
FNH:0
FNDA:0,Document
LF:0
LH:0
BRF:0
BRH:0
end_of_record
TN:
SF:src/pages/index.tsx
FN:16,Home
FNF:1
FNH:0
FNDA:0,Home
DA:6,0
DA:11,0
LF:2
LH:0
BRF:0
BRH:0
end_of_record
TN:
SF:src/pages/api/hello.ts
FN:8,handler
FNF:1
FNH:0
FNDA:0,handler
DA:12,0
LF:1
LH:0
BRF:0
BRH:0
end_of_record
TN:
SF:src/pages/exercise/index.tsx
FN:1,Index
FNF:1
FNH:0
FNDA:0,Index
LF:0
LH:0
BRF:0
BRH:0
end_of_record
